Started GET "/" for 127.0.0.1 at 2020-10-06 10:51:51 +0700
Processing by Rails::WelcomeController#index as HTML
  Parameters: {"internal"=>true}
  Rendering /home/luu-dai/.rvm/gems/ruby-2.3.1/gems/railties-5.0.7.2/lib/rails/templates/rails/welcome/index.html.erb
  Rendered /home/luu-dai/.rvm/gems/ruby-2.3.1/gems/railties-5.0.7.2/lib/rails/templates/rails/welcome/index.html.erb (4.4ms)
Completed 200 OK in 22ms (Views: 8.7ms | ActiveRecord: 0.0ms)


Started GET "/" for 127.0.0.1 at 2020-10-06 11:31:53 +0700
Processing by Rails::WelcomeController#index as HTML
  Parameters: {"internal"=>true}
  Rendering /home/luu-dai/.rvm/gems/ruby-2.3.1/gems/railties-5.0.7.2/lib/rails/templates/rails/welcome/index.html.erb
  Rendered /home/luu-dai/.rvm/gems/ruby-2.3.1/gems/railties-5.0.7.2/lib/rails/templates/rails/welcome/index.html.erb (3.6ms)
Completed 200 OK in 15ms (Views: 7.3ms | ActiveRecord: 0.0ms)


Started GET "/static_page/home" for 127.0.0.1 at 2020-10-06 11:32:31 +0700
Processing by StaticPageController#home as HTML
  Rendering static_page/home.html.erb within layouts/application
  Rendered static_page/home.html.erb within layouts/application (0.3ms)
Completed 200 OK in 1623ms (Views: 1621.7ms | ActiveRecord: 0.0ms)


Started GET "/static_page/help" for 127.0.0.1 at 2020-10-06 11:32:43 +0700
Processing by StaticPageController#help as HTML
  Rendering static_page/help.html.erb within layouts/application
  Rendered static_page/help.html.erb within layouts/application (0.3ms)
Completed 200 OK in 31ms (Views: 29.6ms | ActiveRecord: 0.0ms)


Started GET "/static_page/help" for 127.0.0.1 at 2020-10-06 11:35:48 +0700
Processing by StaticPageController#help as HTML
  Rendering static_page/help.html.erb within layouts/application
  Rendered static_page/help.html.erb within layouts/application (0.3ms)
Completed 200 OK in 34ms (Views: 32.6ms | ActiveRecord: 0.0ms)


Started GET "/static_page/help" for 127.0.0.1 at 2020-10-06 11:37:21 +0700
Processing by StaticPageController#help as HTML
  Rendering static_page/help.html.erb within layouts/application
  Rendered static_page/help.html.erb within layouts/application (0.5ms)
Completed 200 OK in 20ms (Views: 18.5ms | ActiveRecord: 0.0ms)


Started GET "/static_page/help" for 127.0.0.1 at 2020-10-06 11:41:20 +0700
  
SyntaxError (/home/luu-dai/rubyworkspace/init_project/app/helpers/application_helper.rb:5: syntax error, unexpected keyword_end, expecting ':'):
  
app/helpers/application_helper.rb:5: syntax error, unexpected keyword_end, expecting ':'
app/controllers/application_controller.rb:1:in `<top (required)>'
app/controllers/static_page_controller.rb:1:in `<top (required)>'
  Rendering /home/luu-dai/.rvm/gems/ruby-2.3.1/gems/actionpack-5.0.7.2/lib/action_dispatch/middleware/templates/rescues/diagnostics.html.erb within rescues/layout
  Rendering /home/luu-dai/.rvm/gems/ruby-2.3.1/gems/actionpack-5.0.7.2/lib/action_dispatch/middleware/templates/rescues/_source.html.erb
  Rendered /home/luu-dai/.rvm/gems/ruby-2.3.1/gems/actionpack-5.0.7.2/lib/action_dispatch/middleware/templates/rescues/_source.html.erb (3.1ms)
  Rendering /home/luu-dai/.rvm/gems/ruby-2.3.1/gems/actionpack-5.0.7.2/lib/action_dispatch/middleware/templates/rescues/_trace.html.erb
  Rendered /home/luu-dai/.rvm/gems/ruby-2.3.1/gems/actionpack-5.0.7.2/lib/action_dispatch/middleware/templates/rescues/_trace.html.erb (1.3ms)
  Rendering /home/luu-dai/.rvm/gems/ruby-2.3.1/gems/actionpack-5.0.7.2/lib/action_dispatch/middleware/templates/rescues/_request_and_response.html.erb
  Rendered /home/luu-dai/.rvm/gems/ruby-2.3.1/gems/actionpack-5.0.7.2/lib/action_dispatch/middleware/templates/rescues/_request_and_response.html.erb (0.7ms)
  Rendered /home/luu-dai/.rvm/gems/ruby-2.3.1/gems/actionpack-5.0.7.2/lib/action_dispatch/middleware/templates/rescues/diagnostics.html.erb within rescues/layout (18.0ms)
Started GET "/static_page/help" for 127.0.0.1 at 2020-10-06 11:41:52 +0700
Processing by StaticPageController#help as HTML
  Rendering static_page/help.html.erb within layouts/application
  Rendered static_page/help.html.erb within layouts/application (0.5ms)
Completed 200 OK in 17ms (Views: 16.5ms | ActiveRecord: 0.0ms)


Started GET "/static_page/help" for 127.0.0.1 at 2020-10-06 12:52:37 +0700
Processing by StaticPageController#help as HTML
  Rendering static_page/help.html.erb within layouts/application
  Rendered static_page/help.html.erb within layouts/application (0.4ms)
Completed 200 OK in 15ms (Views: 14.4ms | ActiveRecord: 0.0ms)


Started GET "/static_page/help" for 127.0.0.1 at 2020-10-06 12:52:39 +0700
Processing by StaticPageController#help as HTML
  Rendering static_page/help.html.erb within layouts/application
  Rendered static_page/help.html.erb within layouts/application (0.4ms)
Completed 200 OK in 18ms (Views: 17.1ms | ActiveRecord: 0.0ms)


Started GET "/static_page/home" for 127.0.0.1 at 2020-10-06 12:52:47 +0700
Processing by StaticPageController#home as HTML
  Rendering static_page/home.html.erb within layouts/application
  Rendered static_page/home.html.erb within layouts/application (0.5ms)
Completed 200 OK in 26ms (Views: 25.0ms | ActiveRecord: 0.0ms)


Started GET "/static_page/home" for 127.0.0.1 at 2020-10-06 12:52:59 +0700
Processing by StaticPageController#home as HTML
  Rendering static_page/home.html.erb within layouts/application
  Rendered static_page/home.html.erb within layouts/application (0.4ms)
Completed 200 OK in 19ms (Views: 17.6ms | ActiveRecord: 0.0ms)


Started GET "/static_page/home" for 127.0.0.1 at 2020-10-06 13:12:36 +0700
Processing by StaticPageController#home as HTML
  Rendering static_page/home.html.erb within layouts/application
  Rendered static_page/home.html.erb within layouts/application (0.4ms)
  Rendered layouts/_header.html.erb (0.5ms)
Completed 200 OK in 18ms (Views: 17.4ms | ActiveRecord: 0.0ms)


Started GET "/static_page/home" for 127.0.0.1 at 2020-10-06 13:16:49 +0700
Processing by StaticPageController#home as HTML
  Rendering static_page/home.html.erb within layouts/application
  Rendered static_page/home.html.erb within layouts/application (0.5ms)
Completed 500 Internal Server Error in 10ms (ActiveRecord: 0.0ms)


  
ActionView::Template::Error (Invalid CSS after "...trap-sprockets'": expected selector or at-rule, was "@import 'bootst..."):
    4:     <title><%= full_title yield :title %> | Ruby on Rails Tutorial Sample App</title>
    5:     <%= csrf_meta_tags %>
    6: 
    7:     <%= stylesheet_link_tag    "application", media: "all", "data-turbolinks-track": "reload" %>
    8:     <%= javascript_include_tag "application", "data-turbolinks-track": "reload" %>
    9:   </head>
   10: 
  
app/assets/stylesheets/custom.scss:2
app/views/layouts/application.html.erb:7:in `_app_views_layouts_application_html_erb__699751060854327168_70292677222420'
  Rendering /home/luu-dai/.rvm/gems/ruby-2.3.1/gems/actionpack-5.0.7.2/lib/action_dispatch/middleware/templates/rescues/template_error.html.erb within rescues/layout
  Rendering /home/luu-dai/.rvm/gems/ruby-2.3.1/gems/actionpack-5.0.7.2/lib/action_dispatch/middleware/templates/rescues/_source.html.erb
  Rendered /home/luu-dai/.rvm/gems/ruby-2.3.1/gems/actionpack-5.0.7.2/lib/action_dispatch/middleware/templates/rescues/_source.html.erb (3.8ms)
  Rendering /home/luu-dai/.rvm/gems/ruby-2.3.1/gems/actionpack-5.0.7.2/lib/action_dispatch/middleware/templates/rescues/_trace.html.erb
  Rendered /home/luu-dai/.rvm/gems/ruby-2.3.1/gems/actionpack-5.0.7.2/lib/action_dispatch/middleware/templates/rescues/_trace.html.erb (1.6ms)
  Rendering /home/luu-dai/.rvm/gems/ruby-2.3.1/gems/actionpack-5.0.7.2/lib/action_dispatch/middleware/templates/rescues/_request_and_response.html.erb
  Rendered /home/luu-dai/.rvm/gems/ruby-2.3.1/gems/actionpack-5.0.7.2/lib/action_dispatch/middleware/templates/rescues/_request_and_response.html.erb (0.6ms)
  Rendered /home/luu-dai/.rvm/gems/ruby-2.3.1/gems/actionpack-5.0.7.2/lib/action_dispatch/middleware/templates/rescues/template_error.html.erb within rescues/layout (18.6ms)
Started GET "/static_page/home" for 127.0.0.1 at 2020-10-06 13:18:02 +0700
Processing by StaticPageController#home as HTML
  Rendering static_page/home.html.erb within layouts/application
  Rendered static_page/home.html.erb within layouts/application (0.4ms)
Completed 500 Internal Server Error in 16ms (ActiveRecord: 0.0ms)


  
ActionView::Template::Error (File to import not found or unreadable: bootstrap-sprockets.
Load paths:
  /home/luu-dai/rubyworkspace/init_project/app/assets/config
  /home/luu-dai/rubyworkspace/init_project/app/assets/images
  /home/luu-dai/rubyworkspace/init_project/app/assets/javascripts
  /home/luu-dai/rubyworkspace/init_project/app/assets/stylesheets
  /home/luu-dai/rubyworkspace/init_project/vendor/assets/javascripts
  /home/luu-dai/rubyworkspace/init_project/vendor/assets/stylesheets
  /home/luu-dai/.rvm/gems/ruby-2.3.1/gems/jquery-rails-4.4.0/vendor/assets/javascripts
  /home/luu-dai/.rvm/gems/ruby-2.3.1/gems/coffee-rails-4.2.2/lib/assets/javascripts
  /home/luu-dai/.rvm/gems/ruby-2.3.1/gems/actioncable-5.0.7.2/lib/assets/compiled
  /home/luu-dai/.rvm/gems/ruby-2.3.1/gems/turbolinks-source-5.2.0/lib/assets/javascripts):
    4:     <title><%= full_title yield :title %> | Ruby on Rails Tutorial Sample App</title>
    5:     <%= csrf_meta_tags %>
    6: 
    7:     <%= stylesheet_link_tag    "application", media: "all", "data-turbolinks-track": "reload" %>
    8:     <%= javascript_include_tag "application", "data-turbolinks-track": "reload" %>
    9:   </head>
   10: 
  
app/assets/stylesheets/custom.scss:1
app/views/layouts/application.html.erb:7:in `_app_views_layouts_application_html_erb__699751060854327168_70292846411080'
  Rendering /home/luu-dai/.rvm/gems/ruby-2.3.1/gems/actionpack-5.0.7.2/lib/action_dispatch/middleware/templates/rescues/template_error.html.erb within rescues/layout
  Rendering /home/luu-dai/.rvm/gems/ruby-2.3.1/gems/actionpack-5.0.7.2/lib/action_dispatch/middleware/templates/rescues/_source.html.erb
  Rendered /home/luu-dai/.rvm/gems/ruby-2.3.1/gems/actionpack-5.0.7.2/lib/action_dispatch/middleware/templates/rescues/_source.html.erb (4.3ms)
  Rendering /home/luu-dai/.rvm/gems/ruby-2.3.1/gems/actionpack-5.0.7.2/lib/action_dispatch/middleware/templates/rescues/_trace.html.erb
  Rendered /home/luu-dai/.rvm/gems/ruby-2.3.1/gems/actionpack-5.0.7.2/lib/action_dispatch/middleware/templates/rescues/_trace.html.erb (1.8ms)
  Rendering /home/luu-dai/.rvm/gems/ruby-2.3.1/gems/actionpack-5.0.7.2/lib/action_dispatch/middleware/templates/rescues/_request_and_response.html.erb
  Rendered /home/luu-dai/.rvm/gems/ruby-2.3.1/gems/actionpack-5.0.7.2/lib/action_dispatch/middleware/templates/rescues/_request_and_response.html.erb (0.9ms)
  Rendered /home/luu-dai/.rvm/gems/ruby-2.3.1/gems/actionpack-5.0.7.2/lib/action_dispatch/middleware/templates/rescues/template_error.html.erb within rescues/layout (19.4ms)
Started GET "/static_page/home" for 127.0.0.1 at 2020-10-06 13:18:41 +0700
Processing by StaticPageController#home as HTML
  Rendering static_page/home.html.erb within layouts/application
  Rendered static_page/home.html.erb within layouts/application (0.5ms)
Completed 500 Internal Server Error in 13ms (ActiveRecord: 0.0ms)


  
ActionView::Template::Error (File to import not found or unreadable: bootstrap-sprockets.
Load paths:
  /home/luu-dai/rubyworkspace/init_project/app/assets/config
  /home/luu-dai/rubyworkspace/init_project/app/assets/images
  /home/luu-dai/rubyworkspace/init_project/app/assets/javascripts
  /home/luu-dai/rubyworkspace/init_project/app/assets/stylesheets
  /home/luu-dai/rubyworkspace/init_project/vendor/assets/javascripts
  /home/luu-dai/rubyworkspace/init_project/vendor/assets/stylesheets
  /home/luu-dai/.rvm/gems/ruby-2.3.1/gems/jquery-rails-4.4.0/vendor/assets/javascripts
  /home/luu-dai/.rvm/gems/ruby-2.3.1/gems/coffee-rails-4.2.2/lib/assets/javascripts
  /home/luu-dai/.rvm/gems/ruby-2.3.1/gems/actioncable-5.0.7.2/lib/assets/compiled
  /home/luu-dai/.rvm/gems/ruby-2.3.1/gems/turbolinks-source-5.2.0/lib/assets/javascripts):
    4:     <title><%= full_title yield :title %> | Ruby on Rails Tutorial Sample App</title>
    5:     <%= csrf_meta_tags %>
    6: 
    7:     <%= stylesheet_link_tag    "application", media: "all", "data-turbolinks-track": "reload" %>
    8:     <%= javascript_include_tag "application", "data-turbolinks-track": "reload" %>
    9:   </head>
   10: 
  
app/assets/stylesheets/custom.scss:1
app/views/layouts/application.html.erb:7:in `_app_views_layouts_application_html_erb__699751060854327168_70292621968760'
  Rendering /home/luu-dai/.rvm/gems/ruby-2.3.1/gems/actionpack-5.0.7.2/lib/action_dispatch/middleware/templates/rescues/template_error.html.erb within rescues/layout
  Rendering /home/luu-dai/.rvm/gems/ruby-2.3.1/gems/actionpack-5.0.7.2/lib/action_dispatch/middleware/templates/rescues/_source.html.erb
  Rendered /home/luu-dai/.rvm/gems/ruby-2.3.1/gems/actionpack-5.0.7.2/lib/action_dispatch/middleware/templates/rescues/_source.html.erb (4.2ms)
  Rendering /home/luu-dai/.rvm/gems/ruby-2.3.1/gems/actionpack-5.0.7.2/lib/action_dispatch/middleware/templates/rescues/_trace.html.erb
  Rendered /home/luu-dai/.rvm/gems/ruby-2.3.1/gems/actionpack-5.0.7.2/lib/action_dispatch/middleware/templates/rescues/_trace.html.erb (1.7ms)
  Rendering /home/luu-dai/.rvm/gems/ruby-2.3.1/gems/actionpack-5.0.7.2/lib/action_dispatch/middleware/templates/rescues/_request_and_response.html.erb
  Rendered /home/luu-dai/.rvm/gems/ruby-2.3.1/gems/actionpack-5.0.7.2/lib/action_dispatch/middleware/templates/rescues/_request_and_response.html.erb (0.7ms)
  Rendered /home/luu-dai/.rvm/gems/ruby-2.3.1/gems/actionpack-5.0.7.2/lib/action_dispatch/middleware/templates/rescues/template_error.html.erb within rescues/layout (19.3ms)
Started GET "/static_page/home" for 127.0.0.1 at 2020-10-06 13:18:50 +0700
Processing by StaticPageController#home as HTML
  Rendering static_page/home.html.erb within layouts/application
  Rendered static_page/home.html.erb within layouts/application (1.3ms)
Completed 500 Internal Server Error in 30ms (ActiveRecord: 0.0ms)


  
ActionView::Template::Error (File to import not found or unreadable: bootstrap.
Load paths:
  /home/luu-dai/rubyworkspace/init_project/app/assets/config
  /home/luu-dai/rubyworkspace/init_project/app/assets/images
  /home/luu-dai/rubyworkspace/init_project/app/assets/javascripts
  /home/luu-dai/rubyworkspace/init_project/app/assets/stylesheets
  /home/luu-dai/rubyworkspace/init_project/vendor/assets/javascripts
  /home/luu-dai/rubyworkspace/init_project/vendor/assets/stylesheets
  /home/luu-dai/.rvm/gems/ruby-2.3.1/gems/jquery-rails-4.4.0/vendor/assets/javascripts
  /home/luu-dai/.rvm/gems/ruby-2.3.1/gems/coffee-rails-4.2.2/lib/assets/javascripts
  /home/luu-dai/.rvm/gems/ruby-2.3.1/gems/actioncable-5.0.7.2/lib/assets/compiled
  /home/luu-dai/.rvm/gems/ruby-2.3.1/gems/turbolinks-source-5.2.0/lib/assets/javascripts):
    4:     <title><%= full_title yield :title %> | Ruby on Rails Tutorial Sample App</title>
    5:     <%= csrf_meta_tags %>
    6: 
    7:     <%= stylesheet_link_tag    "application", media: "all", "data-turbolinks-track": "reload" %>
    8:     <%= javascript_include_tag "application", "data-turbolinks-track": "reload" %>
    9:   </head>
   10: 
  
app/assets/stylesheets/custom.scss:1
app/views/layouts/application.html.erb:7:in `_app_views_layouts_application_html_erb__699751060854327168_70292845229720'
  Rendering /home/luu-dai/.rvm/gems/ruby-2.3.1/gems/actionpack-5.0.7.2/lib/action_dispatch/middleware/templates/rescues/template_error.html.erb within rescues/layout
  Rendering /home/luu-dai/.rvm/gems/ruby-2.3.1/gems/actionpack-5.0.7.2/lib/action_dispatch/middleware/templates/rescues/_source.html.erb
  Rendered /home/luu-dai/.rvm/gems/ruby-2.3.1/gems/actionpack-5.0.7.2/lib/action_dispatch/middleware/templates/rescues/_source.html.erb (4.8ms)
  Rendering /home/luu-dai/.rvm/gems/ruby-2.3.1/gems/actionpack-5.0.7.2/lib/action_dispatch/middleware/templates/rescues/_trace.html.erb
  Rendered /home/luu-dai/.rvm/gems/ruby-2.3.1/gems/actionpack-5.0.7.2/lib/action_dispatch/middleware/templates/rescues/_trace.html.erb (1.8ms)
  Rendering /home/luu-dai/.rvm/gems/ruby-2.3.1/gems/actionpack-5.0.7.2/lib/action_dispatch/middleware/templates/rescues/_request_and_response.html.erb
  Rendered /home/luu-dai/.rvm/gems/ruby-2.3.1/gems/actionpack-5.0.7.2/lib/action_dispatch/middleware/templates/rescues/_request_and_response.html.erb (0.6ms)
  Rendered /home/luu-dai/.rvm/gems/ruby-2.3.1/gems/actionpack-5.0.7.2/lib/action_dispatch/middleware/templates/rescues/template_error.html.erb within rescues/layout (19.8ms)
Started GET "/static_page/home" for 127.0.0.1 at 2020-10-06 13:21:26 +0700
Processing by StaticPageController#home as HTML
  Rendering static_page/home.html.erb within layouts/application
  Rendered static_page/home.html.erb within layouts/application (0.4ms)
Completed 500 Internal Server Error in 13ms (ActiveRecord: 0.0ms)


  
ActionView::Template::Error (File to import not found or unreadable: bootstrap-sprockets.
Load paths:
  /home/luu-dai/rubyworkspace/init_project/app/assets/config
  /home/luu-dai/rubyworkspace/init_project/app/assets/images
  /home/luu-dai/rubyworkspace/init_project/app/assets/javascripts
  /home/luu-dai/rubyworkspace/init_project/app/assets/stylesheets
  /home/luu-dai/rubyworkspace/init_project/vendor/assets/javascripts
  /home/luu-dai/rubyworkspace/init_project/vendor/assets/stylesheets
  /home/luu-dai/.rvm/gems/ruby-2.3.1/gems/jquery-rails-4.4.0/vendor/assets/javascripts
  /home/luu-dai/.rvm/gems/ruby-2.3.1/gems/coffee-rails-4.2.2/lib/assets/javascripts
  /home/luu-dai/.rvm/gems/ruby-2.3.1/gems/actioncable-5.0.7.2/lib/assets/compiled
  /home/luu-dai/.rvm/gems/ruby-2.3.1/gems/turbolinks-source-5.2.0/lib/assets/javascripts):
    4:     <title><%= full_title yield :title %> | Ruby on Rails Tutorial Sample App</title>
    5:     <%= csrf_meta_tags %>
    6: 
    7:     <%= stylesheet_link_tag    "application", media: "all", "data-turbolinks-track": "reload" %>
    8:     <%= javascript_include_tag "application", "data-turbolinks-track": "reload" %>
    9:   </head>
   10: 
  
app/assets/stylesheets/custom.scss:1
app/views/layouts/application.html.erb:7:in `_app_views_layouts_application_html_erb__699751060854327168_70292677250860'
  Rendering /home/luu-dai/.rvm/gems/ruby-2.3.1/gems/actionpack-5.0.7.2/lib/action_dispatch/middleware/templates/rescues/template_error.html.erb within rescues/layout
  Rendering /home/luu-dai/.rvm/gems/ruby-2.3.1/gems/actionpack-5.0.7.2/lib/action_dispatch/middleware/templates/rescues/_source.html.erb
  Rendered /home/luu-dai/.rvm/gems/ruby-2.3.1/gems/actionpack-5.0.7.2/lib/action_dispatch/middleware/templates/rescues/_source.html.erb (4.0ms)
  Rendering /home/luu-dai/.rvm/gems/ruby-2.3.1/gems/actionpack-5.0.7.2/lib/action_dispatch/middleware/templates/rescues/_trace.html.erb
  Rendered /home/luu-dai/.rvm/gems/ruby-2.3.1/gems/actionpack-5.0.7.2/lib/action_dispatch/middleware/templates/rescues/_trace.html.erb (2.2ms)
  Rendering /home/luu-dai/.rvm/gems/ruby-2.3.1/gems/actionpack-5.0.7.2/lib/action_dispatch/middleware/templates/rescues/_request_and_response.html.erb
  Rendered /home/luu-dai/.rvm/gems/ruby-2.3.1/gems/actionpack-5.0.7.2/lib/action_dispatch/middleware/templates/rescues/_request_and_response.html.erb (0.6ms)
  Rendered /home/luu-dai/.rvm/gems/ruby-2.3.1/gems/actionpack-5.0.7.2/lib/action_dispatch/middleware/templates/rescues/template_error.html.erb within rescues/layout (19.9ms)
Started GET "/static_page/home" for 127.0.0.1 at 2020-10-06 13:29:28 +0700
Processing by StaticPageController#home as HTML
  Rendering static_page/home.html.erb within layouts/application
  Rendered static_page/home.html.erb within layouts/application (3.5ms)
  Rendered layouts/_header.html.erb (0.5ms)
Completed 200 OK in 3548ms (Views: 3539.2ms | ActiveRecord: 0.0ms)


Started GET "/static_page/home" for 127.0.0.1 at 2020-10-06 13:34:05 +0700
Processing by StaticPageController#home as HTML
  Rendering static_page/home.html.erb within layouts/application
  Rendered static_page/home.html.erb within layouts/application (0.7ms)
  Rendered layouts/_header.html.erb (0.5ms)
Completed 200 OK in 1279ms (Views: 1278.5ms | ActiveRecord: 0.0ms)


Started GET "/static_page/home" for 127.0.0.1 at 2020-10-06 13:34:11 +0700
Processing by StaticPageController#home as HTML
  Rendering static_page/home.html.erb within layouts/application
  Rendered static_page/home.html.erb within layouts/application (0.5ms)
  Rendered layouts/_header.html.erb (0.5ms)
Completed 200 OK in 28ms (Views: 26.6ms | ActiveRecord: 0.0ms)


Started GET "/static_page/home" for 127.0.0.1 at 2020-10-06 13:34:32 +0700
Processing by StaticPageController#home as HTML
  Rendering static_page/home.html.erb within layouts/application
  Rendered static_page/home.html.erb within layouts/application (0.4ms)
  Rendered layouts/_header.html.erb (0.4ms)
Completed 200 OK in 1263ms (Views: 1262.5ms | ActiveRecord: 0.0ms)


Started GET "/static_page/home" for 127.0.0.1 at 2020-10-06 13:36:54 +0700
Processing by StaticPageController#home as HTML
  Rendering static_page/home.html.erb within layouts/application
  Rendered static_page/home.html.erb within layouts/application (0.4ms)
  Rendered layouts/_header.html.erb (0.5ms)
Completed 200 OK in 26ms (Views: 25.4ms | ActiveRecord: 0.0ms)


Started GET "/contact/home" for 127.0.0.1 at 2020-10-06 13:48:28 +0700
Processing by ContactController#home as HTML
  Rendering contact/home.html.erb within layouts/application
  Rendered contact/home.html.erb within layouts/application (0.5ms)
  Rendered layouts/_header.html.erb (0.5ms)
Completed 200 OK in 118ms (Views: 115.7ms | ActiveRecord: 0.0ms)


Started GET "/contact/home" for 127.0.0.1 at 2020-10-06 13:48:55 +0700
Processing by ContactController#home as HTML
  Rendering contact/home.html.erb within layouts/application
  Rendered contact/home.html.erb within layouts/application (0.4ms)
  Rendered layouts/_header.html.erb (0.4ms)
Completed 200 OK in 40ms (Views: 38.4ms | ActiveRecord: 0.0ms)


Started GET "/contact/home" for 127.0.0.1 at 2020-10-06 13:49:24 +0700
Processing by ContactController#home as HTML
  Rendering contact/home.html.erb within layouts/application
  Rendered contact/home.html.erb within layouts/application (0.5ms)
  Rendered layouts/_header.html.erb (0.5ms)
Completed 200 OK in 35ms (Views: 34.4ms | ActiveRecord: 0.0ms)


Started GET "/contact/home" for 127.0.0.1 at 2020-10-06 13:54:52 +0700
Processing by ContactController#home as HTML
  Rendering contact/home.html.erb within layouts/application
  Rendered contact/home.html.erb within layouts/application (0.5ms)
  Rendered layouts/_header.html.erb (0.4ms)
Completed 200 OK in 106ms (Views: 104.9ms | ActiveRecord: 0.0ms)


Started GET "/contact/home" for 127.0.0.1 at 2020-10-06 13:54:52 +0700
Processing by ContactController#home as HTML
  Rendering contact/home.html.erb within layouts/application
  Rendered contact/home.html.erb within layouts/application (0.6ms)
  Rendered layouts/_header.html.erb (0.5ms)
Completed 200 OK in 32ms (Views: 31.4ms | ActiveRecord: 0.0ms)


Started GET "/contact/home" for 127.0.0.1 at 2020-10-06 13:54:55 +0700
Processing by ContactController#home as HTML
  Rendering contact/home.html.erb within layouts/application
  Rendered contact/home.html.erb within layouts/application (0.4ms)
  Rendered layouts/_header.html.erb (0.8ms)
Completed 200 OK in 41ms (Views: 39.9ms | ActiveRecord: 0.0ms)


Started GET "/micropost/home" for 127.0.0.1 at 2020-10-06 14:24:00 +0700
Processing by MicropostController#home as HTML
  Rendering micropost/home.html.erb within layouts/application
  Rendered micropost/home.html.erb within layouts/application (0.8ms)
Completed 500 Internal Server Error in 4ms (ActiveRecord: 0.0ms)


  
SyntaxError (/home/luu-dai/rubyworkspace/init_project/app/views/micropost/home.html.erb:11: syntax error, unexpected keyword_ensure, expecting keyword_end
/home/luu-dai/rubyworkspace/init_project/app/views/micropost/home.html.erb:13: syntax error, unexpected end-of-input, expecting keyword_end):
  
app/views/micropost/home.html.erb:11: syntax error, unexpected keyword_ensure, expecting keyword_end
app/views/micropost/home.html.erb:13: syntax error, unexpected end-of-input, expecting keyword_end
  Rendering /home/luu-dai/.rvm/gems/ruby-2.3.1/gems/actionpack-5.0.7.2/lib/action_dispatch/middleware/templates/rescues/diagnostics.html.erb within rescues/layout
  Rendering /home/luu-dai/.rvm/gems/ruby-2.3.1/gems/actionpack-5.0.7.2/lib/action_dispatch/middleware/templates/rescues/_source.html.erb
  Rendered /home/luu-dai/.rvm/gems/ruby-2.3.1/gems/actionpack-5.0.7.2/lib/action_dispatch/middleware/templates/rescues/_source.html.erb (3.4ms)
  Rendering /home/luu-dai/.rvm/gems/ruby-2.3.1/gems/actionpack-5.0.7.2/lib/action_dispatch/middleware/templates/rescues/_trace.html.erb
  Rendered /home/luu-dai/.rvm/gems/ruby-2.3.1/gems/actionpack-5.0.7.2/lib/action_dispatch/middleware/templates/rescues/_trace.html.erb (1.7ms)
  Rendering /home/luu-dai/.rvm/gems/ruby-2.3.1/gems/actionpack-5.0.7.2/lib/action_dispatch/middleware/templates/rescues/_request_and_response.html.erb
  Rendered /home/luu-dai/.rvm/gems/ruby-2.3.1/gems/actionpack-5.0.7.2/lib/action_dispatch/middleware/templates/rescues/_request_and_response.html.erb (0.7ms)
  Rendered /home/luu-dai/.rvm/gems/ruby-2.3.1/gems/actionpack-5.0.7.2/lib/action_dispatch/middleware/templates/rescues/diagnostics.html.erb within rescues/layout (19.6ms)
Started GET "/micropost/home" for 127.0.0.1 at 2020-10-06 14:24:23 +0700
Processing by MicropostController#home as HTML
  Rendering micropost/home.html.erb within layouts/application
  Rendered micropost/home.html.erb within layouts/application (0.6ms)
  Rendered layouts/_header.html.erb (0.5ms)
Completed 200 OK in 34ms (Views: 32.9ms | ActiveRecord: 0.0ms)


Started GET "/micropost/home" for 127.0.0.1 at 2020-10-06 14:29:54 +0700
Processing by MicropostController#home as HTML
  Rendering micropost/home.html.erb within layouts/application
  Rendered micropost/home.html.erb within layouts/application (0.9ms)
  Rendered layouts/_header.html.erb (0.8ms)
Completed 200 OK in 38ms (Views: 36.8ms | ActiveRecord: 0.0ms)


Started GET "/micropost/home" for 127.0.0.1 at 2020-10-06 14:32:19 +0700
Processing by MicropostController#home as HTML
  Rendering micropost/home.html.erb within layouts/application
  Rendered micropost/home.html.erb within layouts/application (0.6ms)
  Rendered layouts/_header.html.erb (0.4ms)
Completed 200 OK in 1127ms (Views: 1125.8ms | ActiveRecord: 0.0ms)


Started GET "/micropost/home" for 127.0.0.1 at 2020-10-06 14:32:26 +0700
Processing by MicropostController#home as HTML
  Rendering micropost/home.html.erb within layouts/application
  Rendered micropost/home.html.erb within layouts/application (0.6ms)
  Rendered layouts/_header.html.erb (0.6ms)
Completed 200 OK in 29ms (Views: 27.6ms | ActiveRecord: 0.0ms)


Started GET "/micropost/home" for 127.0.0.1 at 2020-10-06 14:32:28 +0700
Processing by MicropostController#home as HTML
  Rendering micropost/home.html.erb within layouts/application
  Rendered micropost/home.html.erb within layouts/application (0.6ms)
  Rendered layouts/_header.html.erb (0.6ms)
Completed 200 OK in 42ms (Views: 40.6ms | ActiveRecord: 0.0ms)


Started GET "/contact/home" for 127.0.0.1 at 2020-10-06 14:32:42 +0700
Processing by ContactController#home as HTML
  Rendering contact/home.html.erb within layouts/application
  Rendered contact/home.html.erb within layouts/application (0.5ms)
  Rendered layouts/_header.html.erb (0.5ms)
Completed 200 OK in 28ms (Views: 26.6ms | ActiveRecord: 0.0ms)


Started GET "/micropost/home" for 127.0.0.1 at 2020-10-06 14:35:48 +0700
Processing by MicropostController#home as HTML
  Rendering micropost/home.html.erb within layouts/application
  Rendered micropost/home.html.erb within layouts/application (0.6ms)
  Rendered layouts/_header.html.erb (0.4ms)
Completed 200 OK in 30ms (Views: 28.8ms | ActiveRecord: 0.0ms)


Started GET "/" for 127.0.0.1 at 2020-10-06 16:27:05 +0700
  [1m[35m (1.7ms)[0m  [1m[34mSELECT sqlite_version(*)[0m
Processing by ApplicationController#hello as HTML
  Rendering html template
  Rendered html template (Duration: 0.0ms | Allocations: 6)
Completed 200 OK in 6ms (Views: 2.5ms | ActiveRecord: 0.0ms | Allocations: 2496)


Started GET "/" for 127.0.0.1 at 2020-10-06 16:58:22 +0700
  [1m[35m (0.9ms)[0m  [1m[34mSELECT sqlite_version(*)[0m
Processing by ApplicationController#hello as HTML
  Rendering html template
  Rendered html template (Duration: 0.0ms | Allocations: 6)
Completed 200 OK in 5ms (Views: 2.3ms | ActiveRecord: 0.0ms | Allocations: 1575)


Started GET "/static_page/home" for 127.0.0.1 at 2020-10-06 16:59:07 +0700
  
ActionController::RoutingError (No route matches [GET] "/static_page/home"):
  
actionpack (6.0.0) lib/action_dispatch/middleware/debug_exceptions.rb:36:in `call'
web-console (4.0.1) lib/web_console/middleware.rb:132:in `call_app'
web-console (4.0.1) lib/web_console/middleware.rb:28:in `block in call'
web-console (4.0.1) lib/web_console/middleware.rb:17:in `catch'
web-console (4.0.1) lib/web_console/middleware.rb:17:in `call'
actionpack (6.0.0) lib/action_dispatch/middleware/show_exceptions.rb:33:in `call'
railties (6.0.0) lib/rails/rack/logger.rb:38:in `call_app'
railties (6.0.0) lib/rails/rack/logger.rb:26:in `block in call'
activesupport (6.0.0) lib/active_support/tagged_logging.rb:80:in `block in tagged'
activesupport (6.0.0) lib/active_support/tagged_logging.rb:28:in `tagged'
activesupport (6.0.0) lib/active_support/tagged_logging.rb:80:in `tagged'
railties (6.0.0) lib/rails/rack/logger.rb:26:in `call'
sprockets-rails (3.2.2) lib/sprockets/rails/quiet_assets.rb:13:in `call'
actionpack (6.0.0) lib/action_dispatch/middleware/remote_ip.rb:81:in `call'
actionpack (6.0.0) lib/action_dispatch/middleware/request_id.rb:27:in `call'
rack (2.2.3) lib/rack/method_override.rb:24:in `call'
rack (2.2.3) lib/rack/runtime.rb:22:in `call'
activesupport (6.0.0) lib/active_support/cache/strategy/local_cache_middleware.rb:29:in `call'
actionpack (6.0.0) lib/action_dispatch/middleware/executor.rb:14:in `call'
actionpack (6.0.0) lib/action_dispatch/middleware/static.rb:126:in `call'
rack (2.2.3) lib/rack/sendfile.rb:110:in `call'
actionpack (6.0.0) lib/action_dispatch/middleware/host_authorization.rb:83:in `call'
webpacker (4.0.7) lib/webpacker/dev_server_proxy.rb:29:in `perform_request'
rack-proxy (0.6.5) lib/rack/proxy.rb:57:in `call'
railties (6.0.0) lib/rails/engine.rb:526:in `call'
puma (3.12.1) lib/puma/configuration.rb:227:in `call'
puma (3.12.1) lib/puma/server.rb:660:in `handle_request'
puma (3.12.1) lib/puma/server.rb:474:in `process_client'
puma (3.12.1) lib/puma/server.rb:334:in `block in run'
puma (3.12.1) lib/puma/thread_pool.rb:135:in `block in spawn_thread'
Started GET "/static_pages/home" for 127.0.0.1 at 2020-10-06 16:59:27 +0700
Processing by StaticPagesController#home as HTML
  Rendering static_pages/home.html.erb within layouts/application
  Rendered static_pages/home.html.erb within layouts/application (Duration: 0.3ms | Allocations: 102)
Completed 500 Internal Server Error in 133ms (ActiveRecord: 0.0ms | Allocations: 291014)


  
ActionView::Template::Error (couldn't find file 'jquery' with type 'application/javascript'
Checked in these paths: 
  /home/luu-dai/rubyworkspace/init_project/app/assets/config
  /home/luu-dai/rubyworkspace/init_project/app/assets/images
  /home/luu-dai/rubyworkspace/init_project/app/assets/javascripts
  /home/luu-dai/rubyworkspace/init_project/app/assets/stylesheets
  /home/luu-dai/rubyworkspace/init_project/vendor/assets/javascripts
  /home/luu-dai/rubyworkspace/init_project/vendor/assets/stylesheets
  /home/luu-dai/.rvm/gems/ruby-2.5.0/gems/actioncable-6.0.0/app/assets/javascripts
  /home/luu-dai/.rvm/gems/ruby-2.5.0/gems/activestorage-6.0.0/app/assets/javascripts
  /home/luu-dai/.rvm/gems/ruby-2.5.0/gems/actionview-6.0.0/lib/assets/compiled
  /home/luu-dai/.rvm/gems/ruby-2.5.0/gems/turbolinks-source-5.2.0/lib/assets/javascripts):
    4:     <title>InitProject</title>
    5:     <%= csrf_meta_tags %>
    6: 
    7:     <%= stylesheet_link_tag    "application", media: "all", "data-turbolinks-track": "reload" %>
    8:     <%= javascript_include_tag "application", "data-turbolinks-track": "reload" %>
    9:   </head>
   10: 
  
app/assets/javascripts/application.js:13
app/views/layouts/application.html.erb:7
Started GET "/static_pages/home" for 127.0.0.1 at 2020-10-06 17:01:44 +0700
Processing by StaticPagesController#home as HTML
  Rendering static_pages/home.html.erb within layouts/application
  Rendered static_pages/home.html.erb within layouts/application (Duration: 0.1ms | Allocations: 5)
Completed 200 OK in 42ms (Views: 41.4ms | ActiveRecord: 0.0ms | Allocations: 22303)


Started GET "/static_pages/home" for 127.0.0.1 at 2020-10-06 17:10:07 +0700
  [1m[35m (0.1ms)[0m  [1m[34mSELECT sqlite_version(*)[0m
Processing by StaticPagesController#home as HTML
  Rendering static_pages/home.html.erb within layouts/application
  Rendered static_pages/home.html.erb within layouts/application (Duration: 0.3ms | Allocations: 97)
Completed 200 OK in 17ms (Views: 15.8ms | ActiveRecord: 0.0ms | Allocations: 11513)


Started GET "/static_pages/home" for 127.0.0.1 at 2020-10-06 17:10:08 +0700
Processing by StaticPagesController#home as HTML
  Rendering static_pages/home.html.erb within layouts/application
  Rendered static_pages/home.html.erb within layouts/application (Duration: 0.1ms | Allocations: 5)
Completed 200 OK in 22ms (Views: 18.9ms | ActiveRecord: 0.0ms | Allocations: 10397)


Started GET "/static_pages/about" for 127.0.0.1 at 2020-10-06 17:10:15 +0700
Processing by StaticPagesController#about as HTML
  Rendering static_pages/about.html.erb within layouts/application
  Rendered static_pages/about.html.erb within layouts/application (Duration: 0.5ms | Allocations: 109)
Completed 200 OK in 14ms (Views: 11.9ms | ActiveRecord: 0.0ms | Allocations: 10639)


Started GET "/static_pages/about" for 127.0.0.1 at 2020-10-06 17:19:05 +0700
  [1m[35m (0.1ms)[0m  [1m[34mSELECT sqlite_version(*)[0m
Processing by StaticPagesController#about as HTML
  Rendering static_pages/about.html.erb within layouts/application
  Rendered static_pages/about.html.erb within layouts/application (Duration: 0.3ms | Allocations: 102)
Completed 500 Internal Server Error in 319ms (ActiveRecord: 0.0ms | Allocations: 149040)


  
ActionView::Template::Error (undefined local variable or method `cps_meta_tags' for #<#<Class:0x00007f25edf6b228>:0x00007f25edf69950>
Did you mean?  csp_meta_tag
               csrf_meta_tags
               csrf_meta_tag):
    3:   <head>
    4:     <title>InitProject</title>
    5:     <%= csrf_meta_tags %>
    6:     <%= cps_meta_tags %>
    7: 
    8:     <%= stylesheet_link_tag    "application", media: "all", "data-turbolinks-track": "reload" %>
    9:     <%= javascript_include_tag "application", "data-turbolinks-track": "reload" %>
  
app/views/layouts/application.html.erb:6
Started GET "/static_pages/about" for 127.0.0.1 at 2020-10-06 17:19:19 +0700
Processing by StaticPagesController#about as HTML
  Rendering static_pages/about.html.erb within layouts/application
  Rendered static_pages/about.html.erb within layouts/application (Duration: 0.3ms | Allocations: 103)
Completed 200 OK in 15ms (Views: 13.5ms | ActiveRecord: 0.0ms | Allocations: 11420)


Started GET "/static_pages/about" for 127.0.0.1 at 2020-10-06 17:20:25 +0700
Processing by StaticPagesController#about as HTML
  Rendering static_pages/about.html.erb within layouts/application
  Rendered static_pages/about.html.erb within layouts/application (Duration: 0.3ms | Allocations: 99)
Completed 200 OK in 11ms (Views: 10.0ms | ActiveRecord: 0.0ms | Allocations: 11405)


Started GET "/static_pages/about" for 127.0.0.1 at 2020-10-06 17:20:54 +0700
Processing by StaticPagesController#about as HTML
  Rendering static_pages/about.html.erb within layouts/application
  Rendered static_pages/about.html.erb within layouts/application (Duration: 0.3ms | Allocations: 100)
Completed 200 OK in 12ms (Views: 10.9ms | ActiveRecord: 0.0ms | Allocations: 11403)


Started GET "/static_pages/about" for 127.0.0.1 at 2020-10-06 17:20:55 +0700
Processing by StaticPagesController#about as HTML
  Rendering static_pages/about.html.erb within layouts/application
  Rendered static_pages/about.html.erb within layouts/application (Duration: 0.1ms | Allocations: 4)
Completed 200 OK in 10ms (Views: 8.5ms | ActiveRecord: 0.0ms | Allocations: 10394)


Started GET "/static_pages/about" for 127.0.0.1 at 2020-10-06 17:23:43 +0700
Processing by StaticPagesController#about as HTML
  Rendering static_pages/about.html.erb within layouts/application
  Rendered static_pages/about.html.erb within layouts/application (Duration: 0.3ms | Allocations: 97)
Completed 200 OK in 15ms (Views: 12.7ms | ActiveRecord: 0.0ms | Allocations: 11402)


Started GET "/static_pages/about" for 127.0.0.1 at 2020-10-06 17:23:44 +0700
Processing by StaticPagesController#about as HTML
  Rendering static_pages/about.html.erb within layouts/application
  Rendered static_pages/about.html.erb within layouts/application (Duration: 0.1ms | Allocations: 4)
Completed 200 OK in 21ms (Views: 17.0ms | ActiveRecord: 0.0ms | Allocations: 10394)


Started GET "/static_pages/about" for 127.0.0.1 at 2020-10-06 17:25:09 +0700
Processing by StaticPagesController#about as HTML
  Rendering static_pages/about.html.erb within layouts/application
  Rendered static_pages/about.html.erb within layouts/application (Duration: 0.3ms | Allocations: 96)
Completed 500 Internal Server Error in 4ms (ActiveRecord: 0.0ms | Allocations: 3098)


  
ActionView::SyntaxErrorInTemplate (Encountered a syntax error while rendering template: check <!DOCTYPE html>
<html>
  <head>
    <title><%= yield :title> | Ruby on Rails Sample App</title>
    <%= csrf_meta_tags %>

    <%= stylesheet_link_tag    "application", media: "all", "data-turbolinks-track": "reload" %>
    <%= javascript_include_tag "application", "data-turbolinks-track": "reload" %>
  </head>

  <body>
    <%= yield %>
  </body>
</html>

):
1:    <!DOCTYPE html>
2:    <html>
3:      <head>
4:        <title><%= yield :title> | Ruby on Rails Sample App</title>
5:        <%= csrf_meta_tags %>
6:    
7:        <%= stylesheet_link_tag    "application", media: "all", "data-turbolinks-track": "reload" %>
8:        <%= javascript_include_tag "application", "data-turbolinks-track": "reload" %>
9:      </head>
10:    
11:      <body>
12:        <%= yield %>
13:      </body>
14:    </html>
  
app/views/layouts/application.html.erb:4: syntax error, unexpected '|'
app/views/layouts/application.html.erb:9: unknown regexp options - had
app/views/layouts/application.html.erb:9: unmatched close parenthesis: /title>
app/views/layouts/application.html.erb:11: syntax error, unexpected '<'
app/views/layouts/application.html.erb:13: syntax error, unexpected '<', expecting ')'
app/views/layouts/application.html.erb:14: unknown regexp options - htl
app/views/layouts/application.html.erb:17: unterminated string meets end of file
app/views/layouts/application.html.erb:17: syntax error, unexpected end-of-input, expecting ')'
app/views/layouts/application.html.erb:4: syntax error, unexpected '|'
app/views/layouts/application.html.erb:9: unknown regexp options - had
app/views/layouts/application.html.erb:9: unmatched close parenthesis: /title>
app/views/layouts/application.html.erb:11: syntax error, unexpected '<'
app/views/layouts/application.html.erb:13: syntax error, unexpected '<', expecting ')'
app/views/layouts/application.html.erb:14: unknown regexp options - htl
app/views/layouts/application.html.erb:17: unterminated string meets end of file
app/views/layouts/application.html.erb:17: syntax error, unexpected end-of-input, expecting ')'
app/views/layouts/application.html.erb:4: syntax error, unexpected '|'
app/views/layouts/application.html.erb:9: unknown regexp options - had
app/views/layouts/application.html.erb:9: unmatched close parenthesis: /title>
app/views/layouts/application.html.erb:11: syntax error, unexpected '<'
app/views/layouts/application.html.erb:13: syntax error, unexpected '<', expecting ')'
app/views/layouts/application.html.erb:14: unknown regexp options - htl
app/views/layouts/application.html.erb:17: unterminated string meets end of file
app/views/layouts/application.html.erb:17: syntax error, unexpected end-of-input, expecting ')'
app/views/layouts/application.html.erb:4: syntax error, unexpected '|'
app/views/layouts/application.html.erb:9: unknown regexp options - had
app/views/layouts/application.html.erb:9: unmatched close parenthesis: /title>
app/views/layouts/application.html.erb:11: syntax error, unexpected '<'
app/views/layouts/application.html.erb:13: syntax error, unexpected '<', expecting ')'
app/views/layouts/application.html.erb:14: unknown regexp options - htl
app/views/layouts/application.html.erb:17: unterminated string meets end of file
app/views/layouts/application.html.erb:17: syntax error, unexpected end-of-input, expecting ')'
app/views/layouts/application.html.erb:4: syntax error, unexpected '|'
app/views/layouts/application.html.erb:9: unknown regexp options - had
app/views/layouts/application.html.erb:9: unmatched close parenthesis: /title>
app/views/layouts/application.html.erb:11: syntax error, unexpected '<'
app/views/layouts/application.html.erb:13: syntax error, unexpected '<', expecting ')'
app/views/layouts/application.html.erb:14: unknown regexp options - htl
app/views/layouts/application.html.erb:17: unterminated string meets end of file
app/views/layouts/application.html.erb:17: syntax error, unexpected end-of-input, expecting ')'
app/views/layouts/application.html.erb:4: syntax error, unexpected '|'
app/views/layouts/application.html.erb:9: unknown regexp options - had
app/views/layouts/application.html.erb:9: unmatched close parenthesis: /title>
app/views/layouts/application.html.erb:11: syntax error, unexpected '<'
app/views/layouts/application.html.erb:13: syntax error, unexpected '<', expecting ')'
app/views/layouts/application.html.erb:14: unknown regexp options - htl
app/views/layouts/application.html.erb:17: unterminated string meets end of file
app/views/layouts/application.html.erb:17: syntax error, unexpected end-of-input, expecting ')'
Started GET "/static_pages/about" for 127.0.0.1 at 2020-10-06 17:25:30 +0700
Processing by StaticPagesController#about as HTML
  Rendering static_pages/about.html.erb within layouts/application
  Rendered static_pages/about.html.erb within layouts/application (Duration: 0.3ms | Allocations: 101)
Completed 200 OK in 17ms (Views: 15.7ms | ActiveRecord: 0.0ms | Allocations: 11438)


Started GET "/static_pages/about" for 127.0.0.1 at 2020-10-06 17:25:57 +0700
Processing by StaticPagesController#about as HTML
  Rendering static_pages/about.html.erb within layouts/application
  Rendered static_pages/about.html.erb within layouts/application (Duration: 0.3ms | Allocations: 120)
Completed 200 OK in 11ms (Views: 10.2ms | ActiveRecord: 0.0ms | Allocations: 11449)


Started GET "/" for 127.0.0.1 at 2020-10-06 17:30:01 +0700
  [1m[35m (0.1ms)[0m  [1m[34mSELECT sqlite_version(*)[0m
Processing by StaticPagesController#home as HTML
  Rendering static_pages/home.html.erb within layouts/application
  Rendered static_pages/home.html.erb within layouts/application (Duration: 0.3ms | Allocations: 112)
Completed 200 OK in 12ms (Views: 10.2ms | ActiveRecord: 0.0ms | Allocations: 10970)


Started GET "/" for 127.0.0.1 at 2020-10-06 20:48:50 +0700
  [1m[35m (3.8ms)[0m  [1m[34mSELECT sqlite_version(*)[0m
Processing by StaticPagesController#home as HTML
  Rendering static_pages/home.html.erb within layouts/application
  Rendered static_pages/home.html.erb within layouts/application (Duration: 1.0ms | Allocations: 360)
Completed 200 OK in 256ms (Views: 231.4ms | ActiveRecord: 0.0ms | Allocations: 299186)


Started GET "/" for 127.0.0.1 at 2020-10-06 20:53:30 +0700
  [1m[35m (0.1ms)[0m  [1m[34mSELECT sqlite_version(*)[0m
Processing by StaticPagesController#home as HTML
  Rendering static_pages/home.html.erb within layouts/application
  Rendered static_pages/home.html.erb within layouts/application (Duration: 0.3ms | Allocations: 116)
Completed 200 OK in 13ms (Views: 11.9ms | ActiveRecord: 0.0ms | Allocations: 11625)


Started GET "/" for 127.0.0.1 at 2020-10-06 20:53:32 +0700
Processing by StaticPagesController#home as HTML
  Rendering static_pages/home.html.erb within layouts/application
  Rendered static_pages/home.html.erb within layouts/application (Duration: 0.1ms | Allocations: 8)
Completed 200 OK in 16ms (Views: 14.6ms | ActiveRecord: 0.0ms | Allocations: 10519)


Started GET "/static_pages/contact" for 127.0.0.1 at 2020-10-06 20:53:40 +0700
Processing by StaticPagesController#contact as HTML
  Rendering static_pages/contact.html.erb within layouts/application
  Rendered static_pages/contact.html.erb within layouts/application (Duration: 0.3ms | Allocations: 112)
Completed 200 OK in 22ms (Views: 18.4ms | ActiveRecord: 0.0ms | Allocations: 10764)


Started GET "/static_pages/contact" for 127.0.0.1 at 2020-10-06 20:54:46 +0700
Processing by StaticPagesController#contact as HTML
  Rendering static_pages/contact.html.erb within layouts/application
  Rendered static_pages/contact.html.erb within layouts/application (Duration: 0.1ms | Allocations: 8)
Completed 200 OK in 31ms (Views: 29.1ms | ActiveRecord: 0.0ms | Allocations: 10522)


Started GET "/static_pages/contact" for 127.0.0.1 at 2020-10-06 21:21:05 +0700
  [1m[35m (0.1ms)[0m  [1m[34mSELECT sqlite_version(*)[0m
Processing by StaticPagesController#contact as HTML
  Rendering static_pages/contact.html.erb within layouts/application
  Rendered static_pages/contact.html.erb within layouts/application (Duration: 0.1ms | Allocations: 7)
Completed 200 OK in 10ms (Views: 9.3ms | ActiveRecord: 0.0ms | Allocations: 10696)


Started GET "/static_pages/contact" for 127.0.0.1 at 2020-10-06 21:21:06 +0700
Processing by StaticPagesController#contact as HTML
  Rendering static_pages/contact.html.erb within layouts/application
  Rendered static_pages/contact.html.erb within layouts/application (Duration: 0.1ms | Allocations: 7)
Completed 200 OK in 20ms (Views: 16.8ms | ActiveRecord: 0.0ms | Allocations: 10515)


Started GET "/" for 127.0.0.1 at 2020-10-06 21:21:10 +0700
Processing by StaticPagesController#home as HTML
  Rendering static_pages/home.html.erb within layouts/application
  Rendered static_pages/home.html.erb within layouts/application (Duration: 0.1ms | Allocations: 7)
Completed 200 OK in 13ms (Views: 11.7ms | ActiveRecord: 0.0ms | Allocations: 10514)


Started GET "/" for 127.0.0.1 at 2020-10-06 22:17:43 +0700
  [1m[35m (0.1ms)[0m  [1m[34mSELECT sqlite_version(*)[0m
Processing by StaticPagesController#home as HTML
  Rendering static_pages/home.html.erb within layouts/application
  Rendered static_pages/home.html.erb within layouts/application (Duration: 0.3ms | Allocations: 115)
Completed 200 OK in 11ms (Views: 9.5ms | ActiveRecord: 0.0ms | Allocations: 11633)


Started GET "/" for 127.0.0.1 at 2020-10-06 22:17:44 +0700
Processing by StaticPagesController#home as HTML
  Rendering static_pages/home.html.erb within layouts/application
  Rendered static_pages/home.html.erb within layouts/application (Duration: 0.1ms | Allocations: 7)
Completed 200 OK in 12ms (Views: 10.8ms | ActiveRecord: 0.0ms | Allocations: 10526)


Started GET "/" for 127.0.0.1 at 2020-10-06 22:17:45 +0700
Processing by StaticPagesController#home as HTML
  Rendering static_pages/home.html.erb within layouts/application
  Rendered static_pages/home.html.erb within layouts/application (Duration: 0.1ms | Allocations: 7)
Completed 200 OK in 11ms (Views: 9.8ms | ActiveRecord: 0.0ms | Allocations: 10520)


Started GET "/" for 127.0.0.1 at 2020-10-06 22:23:45 +0700
  [1m[35m (0.1ms)[0m  [1m[34mSELECT sqlite_version(*)[0m
Processing by StaticPagesController#home as HTML
  Rendering static_pages/home.html.erb within layouts/application
  Rendered static_pages/home.html.erb within layouts/application (Duration: 0.3ms | Allocations: 110)
Completed 200 OK in 12ms (Views: 10.8ms | ActiveRecord: 0.0ms | Allocations: 11566)


